<?xml version="1.0" encoding="UTF-8"?>
<!-- Generated by org.testng.reporters.JUnitReportReporter -->
<testsuite name="component_lib.search_item" tests="1" time="81.339" ignored="0" failures="0" timestamp="20 Feb 2017 13:15:41 GMT" skipped="0" hostname="Pratyush" errors="0">
  <testcase name="validSearch" time="81.339" classname="component_lib.search_item"/>
</testsuite> <!-- component_lib.search_item -->
